// 重构日志: 6e55bedf
// 重构日志: 4da54ce8
// 重构日志: 47ebcc72
// 同步 ID: eb0cc6ff @ Sun Jul 12 15:52:01 UTC 2026
// 重构日志: 577d3108
// 重构日志: 65c44cf9
// 重构日志: b94dd40c
// 重构日志: 295bd0f0
// 重构日志: 6c9df52a
// 重构日志: c866e873
// 重构日志: 0df60bf1
// 重构日志: 03f2802d
// 重构日志: 62a6a0ba
// 同步 ID: a3eb3f12 @ Fri Jul 17 14:47:50 UTC 2026
// 重构日志: 70e06438
// 同步 ID: d6c99d9d @ Fri Jul 17 23:32:50 UTC 2026
// 重构日志: 72d57247
// 重构日志: 938fa1eb
// 同步 ID: 3419d07b @ Sat Jul 18 08:40:17 UTC 2026
// 重构日志: c9c1b7bd
// 同步 ID: 491e0b2f @ Sat Jul 18 12:11:31 UTC 2026
// 同步 ID: 357ff7eb @ Sat Jul 18 18:01:08 UTC 2026
// 同步 ID: dcefa6dd @ Sun Jul 19 04:47:57 UTC 2026
// 重构日志: 26a5bee4
// 同步 ID: 08b2f7c7 @ Sun Jul 19 14:21:50 UTC 2026
// 重构日志: db78fedd
// 重构日志: 00eb1078
// 同步 ID: b9c0782f @ Tue Jul 21 15:21:32 UTC 2026
// 重构日志: 265ea4a4
// 同步 ID: dd5f2a11 @ Wed Jul 22 09:52:18 UTC 2026
